<?xml version="1.0" encoding="UTF-8"?>
<testsuite xmlns:xsi="http://www.w3.org/2001/XMLSchema-instance" xsi:noNamespaceSchemaLocation="https://maven.apache.org/surefire/maven-surefire-plugin/xsd/surefire-test-report.xsd" version="3.0.2" name="tacos.HomeControllerTest" time="0.512" tests="1" errors="0" skipped="0" failures="0">
  <properties>
[...]
</properties>
  <testcase name="testHomePage" classname="tacos.HomeControllerTest" time="0.26">
    <system-out><![CDATA[2025-07-05T08:12:15.999+08:00  INFO 4582 --- [taco-cloud] [           main] t.c.s.AnnotationConfigContextLoaderUtils : Could not detect default configuration classes for test class [tacos.HomeControllerTest]: HomeControllerTest does not declare any static, non-private, non-final, nested classes annotated with @Configuration.
2025-07-05T08:12:16.016+08:00  INFO 4582 --- [taco-cloud] [           main] .b.t.c.SpringBootTestContextBootstrapper : Found @SpringBootConfiguration tacos.TacoCloudApplication for test class tacos.HomeControllerTest
2025-07-05T08:12:16.019+08:00  INFO 4582 --- [taco-cloud] [           main] o.s.b.d.r.RestartApplicationListener     : Restart disabled due to context in which it is running

  .   ____          _            __ _ _
 /\\ / ___'_ __ _ _(_)_ __  __ _ \ \ \ \
( ( )\___ | '_ | '_| | '_ \/ _` | \ \ \ \
 \\/  ___)| |_)| | | | | || (_| |  ) ) ) )
  '  |____| .__|_| |_|_| |_\__, | / / / /
 =========|_|==============|___/=/_/_/_/

 :: Spring Boot ::                (v3.5.3)

2025-07-05T08:12:16.045+08:00  INFO 4582 --- [taco-cloud] [           main] tacos.HomeControllerTest                 : Starting HomeControllerTest using Java 17.0.8 with PID 4582 (started by liwancheng in /Users/liwancheng/studys/git/spring-practical/taco-cloud)
2025-07-05T08:12:16.046+08:00  INFO 4582 --- [taco-cloud] [           main] tacos.HomeControllerTest                 : No active profile set, falling back to 1 default profile: "default"
2025-07-05T08:12:16.229+08:00  INFO 4582 --- [taco-cloud] [           main] o.s.b.t.m.w.SpringBootMockServletContext : Initializing Spring TestDispatcherServlet ''
2025-07-05T08:12:16.230+08:00  INFO 4582 --- [taco-cloud] [           main] o.s.t.web.servlet.TestDispatcherServlet  : Initializing Servlet ''
2025-07-05T08:12:16.232+08:00  INFO 4582 --- [taco-cloud] [           main] o.s.t.web.servlet.TestDispatcherServlet  : Completed initialization in 1 ms
2025-07-05T08:12:16.242+08:00  INFO 4582 --- [taco-cloud] [           main] tacos.HomeControllerTest                 : Started HomeControllerTest in 0.223 seconds (process running for 2.813)
]]></system-out>
  </testcase>
</testsuite>